<?xml version="1.0" encoding="UTF-8"?>
<!-- Generated by org.testng.reporters.JUnitXMLReporter -->
<testsuite ignored="0" hostname="LPCAIQ0804" failures="0" tests="9" name="End To End Test with Chrome browser" time="87.978" errors="0" timestamp="2022-09-29T17:38:57 EET">
  <testcase classname="com.OrangeHRM.testcases.LoginPageTest" name="PerformValidLoginTest" time="2.705"/>
  <testcase classname="com.OrangeHRM.testcases.LoginPageTest" name="CheckLoginwithInvalidPasswordOrmail" time="1.951"/>
  <testcase classname="com.OrangeHRM.testcases.LoginPageTest" name="CheckLoginwithInvalidPasswordOrmail" time="1.32"/>
  <testcase classname="com.OrangeHRM.testcases.LoginPageTest" name="CheckLoginwithInvalidPasswordOrmail" time="2.452"/>
  <testcase classname="com.OrangeHRM.testcases.LoginPageTest" name="CheckLoginwithInvalidPasswordOrmail" time="1.469"/>
  <testcase classname="com.OrangeHRM.testcases.LoginPageTest" name="testLogo" time="0.413"/>
  <testcase classname="com.OrangeHRM.testcases.LoginPageTest" name="testTitle" time="0.013"/>
  <testcase classname="com.OrangeHRM.testcases.LoginPageTest" name="testURL" time="0.012"/>
  <testcase classname="com.OrangeHRM.testcases.ResetPasswordTest" name="checkForgotPasswordFunctionality" time="1.933"/>
</testsuite> <!-- End To End Test with Chrome browser -->
